0 silly argv {
0 silly argv   _: [ 'version' ],
0 silly argv   lernaVersion: '6.4.0',
0 silly argv   '$0': '/Users/joowonkim/Repo/coxwave-typescript/node_modules/.bin/lerna'
0 silly argv }
1 notice cli v6.4.0
2 verbose rootPath /Users/joowonkim/Repo/coxwave-typescript
3 silly createGitHubClient
4 info versioning independent
5 silly isAnythingCommitted
6 verbose isAnythingCommitted 1
7 silly getCurrentBranch
8 verbose currentBranch main
9 silly remoteBranchExists
10 silly isBehindUpstream
11 silly isBehindUpstream main is behind origin/main by 0 commit(s) and ahead by 0
12 silly hasTags
13 verbose hasTags true
14 silly git-describe.sync "576f3b5" => {"refCount":"23","sha":"576f3b5","isDirty":false}
15 info Assuming all packages changed
16 verbose updated @coxwave/analytics-browser
17 verbose updated @coxwave/analytics-client-common
18 verbose updated @coxwave/analytics-core
19 verbose updated @coxwave/analytics-types
20 verbose git-describe undefined => "576f3b5"
21 silly git-describe parsed => {"refCount":"23","sha":"576f3b5","isDirty":false}
22 silly independent for @coxwave/analytics-browser at /Users/joowonkim/Repo/coxwave-typescript/packages/analytics-browser
23 error TypeError: Cannot read properties of undefined (reading '0')
23 error     at npa (/Users/joowonkim/Repo/coxwave-typescript/node_modules/npm-package-arg/npa.js:35:25)
23 error     at npa (/Users/joowonkim/Repo/coxwave-typescript/node_modules/npm-package-arg/npa.js:32:14)
23 error     at getChangelogConfig (/Users/joowonkim/Repo/coxwave-typescript/node_modules/@lerna/conventional-commits/lib/get-changelog-config.js:53:20)
23 error     at /Users/joowonkim/Repo/coxwave-typescript/node_modules/@lerna/conventional-commits/lib/recommend-version.js:50:28
23 error     at process.processTicksAndRejections (node:internal/process/task_queues:95:5)
23 error     at async Promise.all (index 0)
